cameralibrary/build/intermediates/manifest_merge_blame_file/release/manifest-merger-blame-release-report.txt
1<?xml version="1.0" encoding="utf-8"?>
2<manifest xmlns:android="http://schemas.android.com/apk/res/android"
3    package="com.master.cameralibrary" >
4
5    <uses-sdk
6        android:minSdkVersion="21"
6-->src\main\AndroidManifest.xml
7        android:targetSdkVersion="26" />
7-->src\main\AndroidManifest.xml
8
9    <uses-permission android:name="android.permission.CAMERA" />
9-->src\main\AndroidManifest.xml:5:5-65
9-->src\main\AndroidManifest.xml:5:22-62
10
11    <uses-feature android:name="android.hardware.camera" />
11-->src\main\AndroidManifest.xml:7:5-60
11-->src\main\AndroidManifest.xml:7:19-57
12    <uses-feature
12-->src\main\AndroidManifest.xml:8:5-10:36
13        android:name="android.hardware.camera.autofocus"
13-->src\main\AndroidManifest.xml:9:9-57
14        android:required="false" />
14-->src\main\AndroidManifest.xml:10:9-33
15
16    <application />
16-->src\main\AndroidManifest.xml:12:5-20
17
18</manifest>